<?xml version="1.0" encoding="UTF-8"?>
<!-- Generated by org.testng.reporters.JUnitReportReporter -->
<testsuite hostname="DESKTOP-FA2K36P" failures="0" tests="2" name="testng.examples.AllAnnotationDemo" time="0.008" errors="0" timestamp="2024-07-22T14:14:24 IST" skipped="1">
  <testcase classname="testng.examples.AllAnnotationDemo" name="test" time="0.008"/>
  <testcase classname="testng.examples.AllAnnotationDemo" name="test1">
    <skipped/>
  </testcase> <!-- test1 -->
</testsuite> <!-- testng.examples.AllAnnotationDemo -->
