<?xml version="1.0" encoding="UTF-8"?>
<!-- Generated by org.testng.reporters.JUnitReportReporter -->
<testsuite hostname="DESKTOP-FA2K36P" failures="0" tests="7" name="com.ng1.GroupDemo" time="0.032" errors="0" timestamp="2024-07-22T14:16:31 IST" skipped="0">
  <testcase classname="com.ng1.GroupDemo" name="green1" time="0.014"/>
  <testcase classname="com.ng1.GroupDemo" name="red3" time="0.005"/>
  <testcase classname="com.ng1.GroupDemo" name="red_green" time="0.002"/>
  <testcase classname="com.ng1.GroupDemo" name="green2" time="0.002"/>
  <testcase classname="com.ng1.GroupDemo" name="red1" time="0.002"/>
  <testcase classname="com.ng1.GroupDemo" name="red2" time="0.004"/>
  <testcase classname="com.ng1.GroupDemo" name="green3" time="0.003"/>
</testsuite> <!-- com.ng1.GroupDemo -->
