<?xml version="1.0" encoding="UTF-8"?>
<!-- Generated by org.testng.reporters.JUnitReportReporter -->
<testsuite hostname="DESKTOP-FA2K36P" failures="0" tests="2" name="eshop.Cart" time="0.005" errors="0" timestamp="2024-07-22T14:30:29 IST" skipped="0">
  <testcase classname="eshop.Cart" name="editItem" time="0.003"/>
  <testcase classname="eshop.Cart" name="removeItem" time="0.002"/>
</testsuite> <!-- eshop.Cart -->
