<?xml version="1.0" encoding="UTF-8"?>
<!-- Generated by org.testng.reporters.JUnitReportReporter -->
<testsuite hostname="DESKTOP-FA2K36P" failures="0" tests="4" name="testng.examples.Example2" time="0.021" errors="0" timestamp="2024-07-22T14:12:07 IST" skipped="0">
  <testcase classname="testng.examples.Example2" name="C" time="0.011"/>
  <testcase classname="testng.examples.Example2" name="A" time="0.001"/>
  <testcase classname="testng.examples.Example2" name="D" time="0.004"/>
  <testcase classname="testng.examples.Example2" name="B" time="0.005"/>
</testsuite> <!-- testng.examples.Example2 -->
