<?xml version="1.0" encoding="UTF-8"?>
<!-- Generated by org.testng.reporters.JUnitReportReporter -->
<testsuite hostname="DESKTOP-FA2K36P" failures="0" tests="2" name="crossbrowser.MyTest" time="15.135" errors="0" timestamp="2024-07-22T14:27:55 IST" skipped="0">
  <testcase classname="crossbrowser.MyTest" name="test" time="2.112"/>
  <testcase classname="crossbrowser.MyTest" name="test" time="13.023"/>
</testsuite> <!-- crossbrowser.MyTest -->
