<?xml version="1.0" encoding="UTF-8"?>
<!-- Generated by org.testng.reporters.JUnitReportReporter -->
<testsuite hostname="DESKTOP-FA2K36P" failures="0" tests="4" name="testng.examples.Example1" time="0.061" errors="0" timestamp="2024-07-22T14:10:28 IST" skipped="0">
  <testcase classname="testng.examples.Example1" name="A" time="0.018"/>
  <testcase classname="testng.examples.Example1" name="C" time="0.005"/>
  <testcase classname="testng.examples.Example1" name="D" time="0.031"/>
  <testcase classname="testng.examples.Example1" name="B" time="0.007"/>
</testsuite> <!-- testng.examples.Example1 -->
